{"level":"\u001b[32minfo\u001b[39m","message":"{\"method\":\"GET\",\"url\":\"/categories\",\"status\":\"200\",\"responseTime\":\"9.642\"}","timestamp":"2025-03-17T06:28:56.162Z"}
{"level":"\u001b[32minfo\u001b[39m","message":"{\"method\":\"GET\",\"url\":\"/categorie\",\"status\":\"500\",\"responseTime\":\"9.288\"}","timestamp":"2025-03-17T06:44:23.347Z"}
{"level":"\u001b[32minfo\u001b[39m","message":"{\"method\":\"GET\",\"url\":\"/categories\",\"status\":\"500\",\"responseTime\":\"3.805\"}","timestamp":"2025-03-17T06:44:33.125Z"}
{"level":"\u001b[32minfo\u001b[39m","message":"{\"method\":\"GET\",\"url\":\"/categories\",\"status\":\"500\",\"responseTime\":\"10.106\"}","timestamp":"2025-03-17T06:45:30.245Z"}
{"level":"\u001b[32minfo\u001b[39m","message":"{\"method\":\"GET\",\"url\":\"/categories\",\"status\":\"404\",\"responseTime\":\"7.185\"}","timestamp":"2025-03-17T06:47:01.103Z"}
{"level":"\u001b[32minfo\u001b[39m","message":"{\"method\":\"GET\",\"url\":\"/currency\",\"status\":\"404\",\"responseTime\":\"4.162\"}","timestamp":"2025-03-17T06:48:36.983Z"}
{"level":"\u001b[32minfo\u001b[39m","message":"{\"method\":\"GET\",\"url\":\"/currency\",\"status\":\"404\",\"responseTime\":\"9.627\"}","timestamp":"2025-03-17T06:49:39.430Z"}
{"level":"\u001b[32minfo\u001b[39m","message":"{\"method\":\"GET\",\"url\":\"/currency\",\"status\":\"404\",\"responseTime\":\"7.775\"}","timestamp":"2025-03-17T06:54:36.663Z"}
{"level":"\u001b[32minfo\u001b[39m","message":"{\"method\":\"GET\",\"url\":\"/currency\",\"status\":\"200\",\"responseTime\":\"17.571\"}","timestamp":"2025-03-17T06:55:50.472Z"}
{"level":"\u001b[32minfo\u001b[39m","message":"{\"method\":\"DELETE\",\"url\":\"/deletecurrency?id=10&name=Euro\",\"status\":\"200\",\"responseTime\":\"35.447\"}","timestamp":"2025-03-17T06:56:11.210Z"}
{"level":"\u001b[32minfo\u001b[39m","message":"{\"method\":\"DELETE\",\"url\":\"/deletecurrency?id=10&name=Euro\",\"status\":\"200\",\"responseTime\":\"34.078\"}","timestamp":"2025-03-17T06:57:56.317Z"}
{"level":"\u001b[32minfo\u001b[39m","message":"{\"method\":\"DELETE\",\"url\":\"/deletecurrency?id=10\",\"status\":\"200\",\"responseTime\":\"18.076\"}","timestamp":"2025-03-17T06:58:33.843Z"}
{"level":"\u001b[32minfo\u001b[39m","message":"{\"method\":\"DELETE\",\"url\":\"/deletecurrency?id=10\",\"status\":\"404\",\"responseTime\":\"23.768\"}","timestamp":"2025-03-17T07:00:15.106Z"}
{"level":"\u001b[32minfo\u001b[39m","message":"{\"method\":\"DELETE\",\"url\":\"/deletecurrency?id=10\",\"status\":\"404\",\"responseTime\":\"33.265\"}","timestamp":"2025-03-17T07:19:49.744Z"}
{"level":"\u001b[32minfo\u001b[39m","message":"{\"method\":\"GET\",\"url\":\"/categories\",\"status\":\"200\",\"responseTime\":\"16.442\"}","timestamp":"2025-03-17T08:08:39.614Z"}
{"level":"\u001b[32minfo\u001b[39m","message":"{\"method\":\"GET\",\"url\":\"/categories\",\"status\":\"200\",\"responseTime\":\"93.869\"}","timestamp":"2025-03-19T08:49:36.755Z"}
{"level":"\u001b[32minfo\u001b[39m","message":"{\"method\":\"GET\",\"url\":\"/categories\",\"status\":\"200\",\"responseTime\":\"35.518\"}","timestamp":"2025-03-19T08:51:32.353Z"}
{"level":"\u001b[32minfo\u001b[39m","message":"{\"method\":\"GET\",\"url\":\"/categories\",\"status\":\"200\",\"responseTime\":\"3.726\"}","timestamp":"2025-03-19T08:51:52.327Z"}
{"level":"\u001b[32minfo\u001b[39m","message":"{\"method\":\"GET\",\"url\":\"/categories\",\"status\":\"200\",\"responseTime\":\"6.733\"}","timestamp":"2025-03-19T08:51:53.638Z"}
{"level":"\u001b[32minfo\u001b[39m","message":"{\"method\":\"GET\",\"url\":\"/categories\",\"status\":\"200\",\"responseTime\":\"68.809\"}","timestamp":"2025-03-19T11:39:18.623Z"}
{"level":"\u001b[32minfo\u001b[39m","message":"{\"method\":\"GET\",\"url\":\"/categories\",\"status\":\"200\",\"responseTime\":\"4.681\"}","timestamp":"2025-03-19T11:39:22.426Z"}
{"level":"\u001b[32minfo\u001b[39m","message":"{\"method\":\"GET\",\"url\":\"/currency\",\"status\":\"200\",\"responseTime\":\"27.540\"}","timestamp":"2025-03-19T11:39:30.517Z"}
{"level":"\u001b[32minfo\u001b[39m","message":"{\"method\":\"GET\",\"url\":\"/currency\",\"status\":\"200\",\"responseTime\":\"3.323\"}","timestamp":"2025-03-19T11:39:31.816Z"}
{"level":"\u001b[32minfo\u001b[39m","message":"{\"method\":\"POST\",\"url\":\"/register\",\"status\":\"409\",\"responseTime\":\"151.256\"}","timestamp":"2025-03-19T11:41:34.098Z"}
{"level":"\u001b[32minfo\u001b[39m","message":"{\"method\":\"POST\",\"url\":\"/register\",\"status\":\"201\",\"responseTime\":\"125.941\"}","timestamp":"2025-03-19T11:41:46.021Z"}
{"level":"\u001b[32minfo\u001b[39m","message":"{\"method\":\"GET\",\"url\":\"/address?id=105\",\"status\":\"200\",\"responseTime\":\"9.044\"}","timestamp":"2025-03-19T11:44:20.763Z"}
{"level":"\u001b[32minfo\u001b[39m","message":"{\"method\":\"POST\",\"url\":\"/address\",\"status\":\"500\",\"responseTime\":\"6.609\"}","timestamp":"2025-03-19T11:44:35.007Z"}
{"level":"\u001b[32minfo\u001b[39m","message":"{\"method\":\"PUT\",\"url\":\"/editaddress\",\"status\":\"400\",\"responseTime\":\"6.223\"}","timestamp":"2025-03-19T11:44:59.868Z"}
{"level":"\u001b[32minfo\u001b[39m","message":"{\"method\":\"PUT\",\"url\":\"/deleteaddress?id=101&address_id=201\",\"status\":\"200\",\"responseTime\":\"1.999\"}","timestamp":"2025-03-19T11:45:09.243Z"}
{"level":"\u001b[32minfo\u001b[39m","message":"{\"method\":\"GET\",\"url\":\"/categories\",\"status\":\"200\",\"responseTime\":\"3.125\"}","timestamp":"2025-03-19T11:45:23.004Z"}
{"level":"\u001b[32minfo\u001b[39m","message":"{\"method\":\"POST\",\"url\":\"/addcategory\",\"status\":\"200\",\"responseTime\":\"15.423\"}","timestamp":"2025-03-19T11:45:27.905Z"}
{"level":"\u001b[32minfo\u001b[39m","message":"{\"method\":\"PUT\",\"url\":\"/updatecategory?id=6\",\"status\":\"404\",\"responseTime\":\"4.570\"}","timestamp":"2025-03-19T11:45:34.836Z"}
{"level":"\u001b[32minfo\u001b[39m","message":"{\"method\":\"DELETE\",\"url\":\"/deletecategory?id=6\",\"status\":\"200\",\"responseTime\":\"5.043\"}","timestamp":"2025-03-19T11:45:42.816Z"}
{"level":"\u001b[32minfo\u001b[39m","message":"{\"method\":\"GET\",\"url\":\"/currency\",\"status\":\"200\",\"responseTime\":\"3.382\"}","timestamp":"2025-03-19T11:45:50.470Z"}
{"level":"\u001b[32minfo\u001b[39m","message":"{\"method\":\"POST\",\"url\":\"/register\",\"status\":\"201\",\"responseTime\":\"401.439\"}","timestamp":"2025-03-20T05:59:04.295Z"}
{"level":"\u001b[32minfo\u001b[39m","message":"{\"method\":\"GET\",\"url\":\"/categories\",\"status\":\"401\",\"responseTime\":\"34.309\"}","timestamp":"2025-03-20T06:02:32.942Z"}
{"level":"\u001b[32minfo\u001b[39m","message":"{\"method\":\"GET\",\"url\":\"/categories\",\"status\":\"200\",\"responseTime\":\"7.691\"}","timestamp":"2025-03-20T06:03:06.050Z"}
{"level":"\u001b[32minfo\u001b[39m","message":"{\"method\":\"GET\",\"url\":\"/categories\",\"status\":\"200\",\"responseTime\":\"16.591\"}","timestamp":"2025-03-20T06:08:58.614Z"}
{"level":"\u001b[32minfo\u001b[39m","message":"{\"method\":\"POST\",\"url\":\"/login?email=%09%0Aanishsharma12@gmail.com&password=password\",\"status\":\"200\",\"responseTime\":\"278.571\"}","timestamp":"2025-03-20T06:11:44.543Z"}
{"level":"\u001b[32minfo\u001b[39m","message":"{\"method\":\"POST\",\"url\":\"/register\",\"status\":\"201\",\"responseTime\":\"226.717\"}","timestamp":"2025-03-20T06:12:28.343Z"}
{"level":"\u001b[32minfo\u001b[39m","message":"{\"method\":\"POST\",\"url\":\"/login?email=%09%0Aanishsharma@gmail.com&password=password\",\"status\":\"200\",\"responseTime\":\"203.634\"}","timestamp":"2025-03-20T06:12:42.519Z"}
{"level":"\u001b[32minfo\u001b[39m","message":"{\"method\":\"GET\",\"url\":\"/categories\",\"status\":\"200\",\"responseTime\":\"9.995\"}","timestamp":"2025-03-20T06:12:51.910Z"}
{"level":"\u001b[32minfo\u001b[39m","message":"{\"method\":\"GET\",\"url\":\"/categories\",\"status\":\"200\",\"responseTime\":\"4.663\"}","timestamp":"2025-03-20T06:13:13.575Z"}
{"level":"\u001b[32minfo\u001b[39m","message":"{\"method\":\"GET\",\"url\":\"/categories\",\"status\":\"200\",\"responseTime\":\"14.273\"}","timestamp":"2025-03-20T06:22:36.303Z"}
{"level":"\u001b[32minfo\u001b[39m","message":"{\"method\":\"GET\",\"url\":\"/categories\",\"status\":\"401\",\"responseTime\":\"9.230\"}","timestamp":"2025-03-20T06:24:23.900Z"}
{"level":"\u001b[32minfo\u001b[39m","message":"{\"method\":\"GET\",\"url\":\"/categories\",\"status\":\"401\",\"responseTime\":\"6.279\"}","timestamp":"2025-03-20T06:26:08.023Z"}
{"level":"\u001b[32minfo\u001b[39m","message":"{\"method\":\"GET\",\"url\":\"/categories\",\"status\":\"200\",\"responseTime\":\"66.975\"}","timestamp":"2025-03-20T06:27:28.448Z"}
{"level":"\u001b[32minfo\u001b[39m","message":"{\"method\":\"GET\",\"url\":\"/categories\",\"status\":\"200\",\"responseTime\":\"14.132\"}","timestamp":"2025-03-20T06:28:18.648Z"}
{"level":"\u001b[32minfo\u001b[39m","message":"{\"method\":\"GET\",\"url\":\"/categories\",\"status\":\"200\",\"responseTime\":\"56.473\"}","timestamp":"2025-03-20T06:28:37.460Z"}
{"level":"\u001b[32minfo\u001b[39m","message":"{\"method\":\"GET\",\"url\":\"/categories\",\"status\":\"200\",\"responseTime\":\"47.629\"}","timestamp":"2025-03-20T06:29:53.748Z"}
{"level":"\u001b[32minfo\u001b[39m","message":"{\"method\":\"GET\",\"url\":\"/categories\",\"status\":\"200\",\"responseTime\":\"111.936\"}","timestamp":"2025-03-20T06:31:54.658Z"}
{"level":"\u001b[32minfo\u001b[39m","message":"{\"method\":\"GET\",\"url\":\"/categories\",\"status\":\"200\",\"responseTime\":\"57.400\"}","timestamp":"2025-03-20T06:35:49.215Z"}
{"level":"\u001b[32minfo\u001b[39m","message":"{\"method\":\"GET\",\"url\":\"/categories\",\"status\":\"200\",\"responseTime\":\"40.061\"}","timestamp":"2025-03-20T06:37:42.521Z"}
{"level":"\u001b[32minfo\u001b[39m","message":"{\"method\":\"GET\",\"url\":\"/categories\",\"status\":\"200\",\"responseTime\":\"21.535\"}","timestamp":"2025-03-20T06:37:44.411Z"}
{"level":"\u001b[32minfo\u001b[39m","message":"{\"method\":\"GET\",\"url\":\"/categories\",\"status\":\"200\",\"responseTime\":\"45.072\"}","timestamp":"2025-03-20T06:39:10.305Z"}
{"level":"\u001b[32minfo\u001b[39m","message":"{\"method\":\"GET\",\"url\":\"/categories\",\"status\":\"200\",\"responseTime\":\"63.090\"}","timestamp":"2025-03-20T06:39:51.799Z"}
{"level":"\u001b[32minfo\u001b[39m","message":"{\"method\":\"GET\",\"url\":\"/categories\",\"status\":\"200\",\"responseTime\":\"26.957\"}","timestamp":"2025-03-20T06:40:10.270Z"}
